{"level":"info","message":"Server is running on port 3000","timestamp":"2025-07-05T18:06:39.598Z"}
{"level":"info","message":"Connected to database","timestamp":"2025-07-05T18:06:40.272Z"}
{"level":"info","message":"Server is running on port 3000","timestamp":"2025-07-05T18:08:02.241Z"}
{"level":"info","message":"Server is running on port 3000","timestamp":"2025-07-05T18:08:14.920Z"}
{"level":"info","message":"Server is running on port 3000","timestamp":"2025-07-05T18:09:11.042Z"}
{"level":"info","message":"Server is running on port 3000","timestamp":"2025-07-05T18:14:35.676Z"}
{"level":"info","message":"Server is running on port 9000","timestamp":"2025-07-05T18:25:57.510Z"}
{"level":"info","message":"Connected to DB","timestamp":"2025-07-05T18:25:58.120Z"}
{"level":"info","message":"Server is running on port 3000","timestamp":"2025-07-05T18:35:25.635Z"}
{"level":"info","message":"Connected to DB","timestamp":"2025-07-05T18:35:26.319Z"}
{"level":"info","message":"Server is running on port 3000","timestamp":"2025-07-05T18:38:14.588Z"}
{"level":"info","message":"Connected to DB","timestamp":"2025-07-05T18:38:15.263Z"}
{"level":"error","timestamp":"2025-07-05T18:38:38.064Z"}
{"level":"info","message":"Server is running on port 3000","timestamp":"2025-07-07T11:21:43.619Z"}
{"level":"info","message":"Connected to DB","timestamp":"2025-07-07T11:21:44.365Z"}
{"level":"info","message":"Server is running on port 3000","timestamp":"2025-07-08T20:11:25.745Z"}
{"level":"info","message":"Connected to DB","timestamp":"2025-07-08T20:11:26.417Z"}
{"code":"EENVELOPE","command":"API","level":"error","timestamp":"2025-07-08T20:14:58.060Z"}
{"level":"info","message":"Server is running on port 3000","timestamp":"2025-07-08T20:15:43.980Z"}
{"level":"info","message":"Connected to DB","timestamp":"2025-07-08T20:15:44.487Z"}
{"code":"EENVELOPE","command":"API","level":"error","timestamp":"2025-07-08T20:15:51.453Z"}
{"level":"info","message":"Server is running on port 3000","timestamp":"2025-07-08T20:17:14.784Z"}
{"level":"info","message":"Connected to DB","timestamp":"2025-07-08T20:17:15.484Z"}
{"code":"EENVELOPE","command":"API","level":"error","timestamp":"2025-07-08T20:17:43.779Z"}
{"level":"info","message":"Server is running on port 3000","timestamp":"2025-07-08T20:18:10.889Z"}
{"level":"info","message":"Connected to DB","timestamp":"2025-07-08T20:18:11.402Z"}
{"level":"info","message":{"accepted":["waltuhwhide@gmail.com"],"ehlo":["PIPELINING","8BITMIME","SMTPUTF8","AUTH LOGIN PLAIN"],"envelope":{"from":"karina.robel@ethereal.email","to":["waltuhwhide@gmail.com"]},"envelopeTime":586,"messageId":"<b45b1bc7-8b62-bc52-7501-bb02f30d02b3@ethereal.email>","messageSize":614,"messageTime":459,"rejected":[],"response":"250 Accepted [STATUS=new MSGID=aGt8om5F3rtNtDSraG19Ddmj0lJfvnfrAAAAAtNwIF.6mzpk.aUky8kKWgc]"},"timestamp":"2025-07-08T20:18:18.335Z"}
{"level":"info","message":"Server is running on port 3000","timestamp":"2025-07-08T20:20:56.751Z"}
{"level":"info","message":"Connected to DB","timestamp":"2025-07-08T20:20:57.391Z"}
{"level":"info","message":"250 Accepted [STATUS=new MSGID=aGt8om5F3rtNtDSraG19zBukCcQCBHcCAAAAA2fBEQpyrPG-Rqzu-dqWLoM]","timestamp":"2025-07-08T20:21:29.476Z"}
{"level":"info","message":["waltuhwhide@gmail.com"],"timestamp":"2025-07-08T20:21:29.477Z"}
{"level":"info","message":"Server is running on port 3000","timestamp":"2025-07-08T20:23:06.259Z"}
{"level":"info","message":"Connected to DB","timestamp":"2025-07-08T20:23:06.780Z"}
{"level":"info","message":"250 Accepted [STATUS=new MSGID=aGt8om5F3rtNtDSraG1-Ntmj0lJfvno9AAAABGBqKQfNlU4SYmakhFTXn6k]","timestamp":"2025-07-08T20:23:15.472Z"}
{"level":"info","message":["waltuhwhide@gmail.com"],"timestamp":"2025-07-08T20:23:15.473Z"}
{"level":"info","message":"Server is running on port 3000","timestamp":"2025-07-09T13:06:50.334Z"}
{"level":"info","message":"Connected to DB","timestamp":"2025-07-09T13:06:50.943Z"}
{"level":"info","message":"Server is running on port 3000","timestamp":"2025-07-09T13:09:16.688Z"}
{"level":"info","message":"Connected to DB","timestamp":"2025-07-09T13:09:17.199Z"}
{"level":"info","message":"Server is running on port 3000","timestamp":"2025-07-09T13:14:38.970Z"}
{"level":"info","message":"Connected to DB","timestamp":"2025-07-09T13:14:39.502Z"}
{"level":"info","message":"Server is running on port 3000","timestamp":"2025-07-09T13:17:45.900Z"}
{"level":"info","message":"Connected to DB","timestamp":"2025-07-09T13:17:46.557Z"}
{"level":"info","message":"Server is running on port 3000","timestamp":"2025-07-09T13:18:27.284Z"}
{"level":"info","message":"Connected to DB","timestamp":"2025-07-09T13:18:27.778Z"}
{"level":"info","message":"Server is running on port 3000","timestamp":"2025-07-09T13:18:59.161Z"}
{"level":"info","message":"Connected to DB","timestamp":"2025-07-09T13:18:59.803Z"}
{"level":"info","message":"Server is running on port 3000","timestamp":"2025-07-09T13:21:02.919Z"}
{"level":"info","message":"Connected to DB","timestamp":"2025-07-09T13:21:03.583Z"}
{"level":"info","message":"Server is running on port 3000","timestamp":"2025-07-09T13:23:53.432Z"}
{"level":"info","message":"Connected to DB","timestamp":"2025-07-09T13:23:54.180Z"}
{"level":"info","message":"Server is running on port 3000","timestamp":"2025-07-09T13:24:32.624Z"}
{"level":"info","message":"Connected to DB","timestamp":"2025-07-09T13:24:33.144Z"}
{"level":"info","message":"Server is running on port 3000","timestamp":"2025-07-09T13:24:49.247Z"}
{"level":"info","message":"Connected to DB","timestamp":"2025-07-09T13:24:49.779Z"}
{"level":"info","message":"Server is running on port 3000","timestamp":"2025-07-09T13:26:58.757Z"}
{"level":"info","message":"Connected to DB","timestamp":"2025-07-09T13:26:59.292Z"}
{"level":"info","message":"Server is running on port 3000","timestamp":"2025-07-10T13:11:04.922Z"}
{"level":"info","message":"Connected to DB","timestamp":"2025-07-10T13:11:05.488Z"}
{"level":"info","message":"Server is running on port 3000","timestamp":"2025-07-10T13:37:59.428Z"}
{"level":"info","message":"Connected to DB","timestamp":"2025-07-10T13:37:59.933Z"}
{"level":"info","message":"Server is running on port 3000","timestamp":"2025-07-10T13:38:47.867Z"}
{"level":"info","message":"Connected to DB","timestamp":"2025-07-10T13:38:48.404Z"}
{"level":"info","message":"Server is running on port 3000","timestamp":"2025-07-10T13:39:20.463Z"}
{"level":"info","message":"Connected to DB","timestamp":"2025-07-10T13:39:21.018Z"}
{"level":"info","message":"Server is running on port 3000","timestamp":"2025-07-10T13:39:31.887Z"}
{"level":"info","message":"Connected to DB","timestamp":"2025-07-10T13:39:32.397Z"}
{"level":"info","message":"Server is running on port 3000","timestamp":"2025-07-10T13:44:21.158Z"}
{"level":"info","message":"Connected to DB","timestamp":"2025-07-10T13:44:21.845Z"}
{"level":"info","message":"Server is running on port 3000","timestamp":"2025-07-10T13:47:29.805Z"}
{"level":"info","message":"Connected to DB","timestamp":"2025-07-10T13:47:30.362Z"}
{"level":"info","message":"Server is running on port 3000","timestamp":"2025-07-10T13:47:46.390Z"}
{"level":"info","message":"Connected to DB","timestamp":"2025-07-10T13:47:46.927Z"}
{"level":"info","message":"Server is running on port 3000","timestamp":"2025-07-10T13:48:13.606Z"}
{"level":"info","message":"Connected to DB","timestamp":"2025-07-10T13:48:14.145Z"}
